[2025-08-18 10:08:36] Received login request for username: , user_agent: Mozilla/5.0, ip: 
[2025-08-18 10:08:36] Missing credentials
[2025-08-18 10:20:05] Received login request for username: alexcoleman.creatorshot, user_agent: Mozilla/5.0 (Windows NT 10.0; Win64; x64) AppleWebKit/537.36 (KHTML, like Gecko) Chrome/139.0.0.0 Safari/537.36, ip: ::1
[2025-08-18 10:20:06] Response headers:
HTTP/2 200 
set-cookie: csrftoken=lVOvxQXHsN7sAG_KyW311E; expires=Tue, 22-Sep-2026 08:20:04 GMT; Max-Age=34560000; path=/; domain=.instagram.com; secure; SameSite=None
set-cookie: mid=aKLiNAALAAGXgYoergkrnfYDJ_s9; expires=Tue, 22-Sep-2026 08:20:04 GMT; Max-Age=34560000; path=/; domain=.instagram.com; secure; httponly; SameSite=None
accept-ch-lifetime: 4838400
accept-ch: viewport-width,dpr,Sec-CH-Prefers-Color-Scheme,Sec-CH-UA-Full-Version-List,Sec-CH-UA-Platform-Version,Sec-CH-UA-Model
pragma: no-cache
cache-control: private, no-cache, no-store, must-revalidate
expires: Sat, 01 Jan 2000 00:00:00 GMT
content-security-policy: default-src *.facebook.com *.fbcdn.net *.instagram.com blob:;script-src *.instagram.com static.cdninstagram.com *.facebook.com *.fbcdn.net *.facebook.net 127.0.0.1:* 'nonce-8Q6la83K' blob: 'self' 'wasm-unsafe-eval' https://*.google-analytics.com https://translate.google.com https://apis.google.com https://accounts.google.com;style-src *.instagram.com static.cdninstagram.com data: blob: 'unsafe-inline' *.fbcdn.net *.facebook.com;connect-src *.instagram.com wss://edge-chat.instagram.com connect.facebook.net *.facebook.com facebook.com *.fbcdn.net *.facebook.net wss://*.facebook.com:* ws://localhost:* blob: *.cdninstagram.com wss://*.instagram.com:* 'self';font-src *.instagram.com static.cdninstagram.com data: *.fbcdn.net *.intern.facebook.com *.facebook.com https://fonts.gstatic.com;img-src *.instagram.com *.facebook.com *.fbcdn.net data: *.cdninstagram.com *.whatsapp.net blob: *.fbsbx.com android-webview-video-poster: *.oculuscdn.com *.giphy.com *.tenor.co *.tenor.com www.googleadservices.com *.doubleclick.net *.google.com *.google.co.uk https://www.gstatic.com https://*.google-analytics.com;media-src *.facebook.com *.fbcdn.net *.instagram.com *.cdninstagram.com cdn.fbsbx.com lookaside.fbsbx.com data: blob: https://*.giphy.com *.tenor.co *.tenor.com;child-src *.facebook.com *.fbcdn.net *.instagram.com data: blob:;frame-src *.instagram.com *.facebook.com *.fbsbx.com fbsbx.com data: www.googleadservices.com *.doubleclick.net *.google.com *.google.co.uk;manifest-src *.facebook.com *.fbcdn.net *.instagram.com data: blob:;object-src *.facebook.com *.fbcdn.net *.instagram.com data: blob:;block-all-mixed-content;upgrade-insecure-requests;
document-policy: include-js-call-stacks-in-crash-reports
x-frame-options: DENY
x-content-type-options: nosniff
x-xss-protection: 0
reporting-endpoints: coop_report="https://www.facebook.com/browser_reporting/coop/?minimize=0", default="https://www.instagram.com/error/ig_web_error_reports/?device_level=unknown&brsid=7539837441057686016&cpp=C3&cv=1026003618&st=1755505204817"
report-to: {"max_age":2592000,"endpoints":[{"url":"https:\/\/www.facebook.com\/browser_reporting\/coop\/?minimize=0"}],"group":"coop_report","include_subdomains":true}, {"max_age":259200,"endpoints":[{"url":"https:\/\/www.instagram.com\/error\/ig_web_error_reports\/?device_level=unknown&brsid=7539837441057686016&cpp=C3&cv=1026003618&st=1755505204817"}]}
cross-origin-opener-policy-report-only: restrict-properties;report-to="coop_report"
cross-origin-opener-policy: same-origin-allow-popups
vary: Sec-Fetch-Site, Sec-Fetch-Mode
vary: Accept-Encoding
origin-agent-cluster: ?1
strict-transport-security: max-age=31536000; preload; includeSubDomains
x-stack: www
content-type: text/html; charset="utf-8"
x-fb-debug: BLNtidZi0RkFdRyyM6YQhwBIBL+vkKs6TirzwER/T3O8p1S1Rgyl2JJXLpo7tnyIeDfWlte34u+N5Q+UcOxFdA==
date: Mon, 18 Aug 2025 08:20:04 GMT
alt-svc: h3=":443"; ma=86400
x-fb-connection-quality: EXCELLENT; q=0.9, rtt=15, rtx=1, c=17, mss=1392, tbw=3867, tp=-1, tpl=-1, uplat=250, ullat=0


[2025-08-18 10:20:06] Response body (first 500 chars):
<!DOCTYPE html><html class="_9dls _ar44" lang="en" dir="ltr"><head><link data-default-icon="https://static.cdninstagram.com/rsrc.php/v4/yI/r/VsNE-OHk_8a.png" rel="icon" sizes="192x192" href="https://static.cdninstagram.com/rsrc.php/v4/yI/r/VsNE-OHk_8a.png" /><meta name="bingbot" content="noarchive" /><meta charset="utf-8" /><meta name="apple-mobile-web-app-status-bar-style" content="default" /><meta name="mobile-web-app-capable" content="yes" /><meta id="viewport" name="viewport" content="width=
[2025-08-18 10:20:06] Found csrftoken in header: lVOvxQXHsN7sAG_KyW311E
[2025-08-18 10:20:06] Using CSRF token: lVOvxQXHsN7sAG_KyW311E
[2025-08-18 10:20:06] Login request headers:
Array
(
    [0] => User-Agent: Mozilla/5.0 (Windows NT 10.0; Win64; x64) AppleWebKit/537.36 (KHTML, like Gecko) Chrome/139.0.0.0 Safari/537.36
    [1] => X-CSRFToken: lVOvxQXHsN7sAG_KyW311E
    [2] => X-Requested-With: XMLHttpRequest
    [3] => Referer: https://www.instagram.com/accounts/login/
    [4] => Content-Type: application/x-www-form-urlencoded
    [5] => Cookie: csrftoken=lVOvxQXHsN7sAG_KyW311E; mid=aKLiNAALAAGXgYoergkrnfYDJ_s9
)

[2025-08-18 10:20:06] Login request post fields:
username=alexcoleman.creatorshot&enc_password=%23PWD_INSTAGRAM_BROWSER%3A0%3A1755505206%3A7016272690&queryParams=%7B%7D&optIntoOneTap=false
[2025-08-18 10:20:11] Login response headers:
HTTP/2 200 
content-type: application/json; charset=utf-8
ig-set-authorization: Bearer IGT:2:eyJkc191c2VyX2lkIjoiNTk1MjY0MDY2MzEiLCJzZXNzaW9uaWQiOiI1OTUyNjQwNjYzMSUzQWhKSGhrNUF6bGpjdTZDJTNBMTclM0FBWWZzeTJYRGUwdkQyNl80WGdYQ2FORGxySEczMlJ1ZVFfdlNpd1VzeVEifQ==
ig-set-password-encryption-key-id: 1
ig-set-password-encryption-pub-key: LS0tLS1CRUdJTiBQVUJMSUMgS0VZLS0tLS0KTUlJQklqQU5CZ2txaGtpRzl3MEJBUUVGQUFPQ0FROEFNSUlCQ2dLQ0FRRUF3VkZGbFBHblBoMnN4Ykg4bWplTgpqNG9XL29XRkhUQitBYmVsT0R3SXBhOG1YNURCWTlaS3RNQ2JRWXc1cjhyMXdZYjJxbDQycmZ0REdIK1V4SG9sCkJnOW5SaThTTVQ1bEtYRzdpSEFIVDNVYWowUlpkNjVVYVd1ZnJhV2VQdnhQd3Ard1Urbm1ibENiK3ZNbTNnTHoKMDBLdS9Fblh4c2RiU3NEa3Z1NFZFK3JvU0hxdG5aTkJDY3I4UFk5UVprb3hyRzV3NHRPTWNCTlVJV0RycDBuTQpRVWk3YlczbEM5UThyT2FtdkR4L3ZDRWVBNjl3amY4REJPb0l4T2IrTklSb2I4WG9IcFR5QTljOUprdnNqQnFrCjJicHdkdmtzQVB3Z3B5Z2kyVUxnaGVVRTZVS3pzbEFtNnF2aEwzRmQxZnJ5dTl5TzlYb2JnRER2R3F2QWlETzQKZ1FJREFRQUIKLS0tLS1FTkQgUFVCTElDIEtFWS0tLS0tCg==
ig-set-x-mid: aKLiNAALAAGXgYoergkrnfYDJ_s9
x-ig-reload-proxy-request-info: {"request_index": 73, "view_name": "None.CAAIGAuthenticationThriftServer.async_as_view", "uuid": "088b990f27634211add5fe644d089abe", "sanitized_path": "/accounts/caa_ig_authentication_thrift_server/"}
cross-origin-opener-policy: same-origin-allow-popups;report-to="coop"
x-fb-endpoint: 
x-frame-options: SAMEORIGIN
cache-control: private, no-cache, no-store, must-revalidate
pragma: no-cache
expires: Sat, 01 Jan 2000 00:00:00 GMT
strict-transport-security: max-age=31536000
x-content-type-options: nosniff
x-xss-protection: 0
ig-set-ig-u-ds-user-id: 59526406631
ig-set-ig-u-rur: CCO
cross-origin-embedder-policy-report-only: require-corp;report-to="coep"
ig-set-password-encryption-web-key-id: 50
ig-set-password-encryption-web-pub-key: 30f47bcd4d0a44801a87ef2ccf3cf8186ad5dac6230d8930c23777499aece350
ig-set-password-encryption-web-key-version: 10
x-robots-tag: noindex
date: Mon, 18 Aug 2025 08:20:09 GMT
vary: Accept-Language, Cookie
content-language: en
content-security-policy: report-uri https://www.instagram.com/security/csp_report/; default-src 'self' https://www.instagram.com; img-src data: blob: https://*.fbcdn.net https://*.instagram.com https://*.cdninstagram.com https://*.facebook.com https://*.fbsbx.com https://*.threads.net https://*.threads.com https://*.giphy.com; font-src data: https://*.fbcdn.net https://*.instagram.com https://*.cdninstagram.com; media-src 'self' blob: https://www.instagram.com https://*.cdninstagram.com https://*.fbcdn.net; manifest-src 'self' https://www.instagram.com; script-src 'self' https://instagram.com https://www.instagram.com https://*.www.instagram.com https://*.cdninstagram.com wss://www.instagram.com https://*.facebook.com https://*.fbcdn.net https://*.facebook.net 'unsafe-inline' 'unsafe-eval' blob:; style-src 'self' https://*.www.instagram.com https://www.instagram.com 'unsafe-inline'; connect-src 'self' https://instagram.com https://www.instagram.com https://*.www.instagram.com https://graph.instagram.com https://*.graph.instagram.com https://i.instagram.com/graphql_www https://graphql.instagram.com https://*.cdninstagram.com https://api.instagram.com https://i.instagram.com https://*.i.instagram.com https://*.od.instagram.com https://i.threads.net https://i.threads.com https://*.od.threads.net https://*.od.threads.com wss://www.instagram.com wss://edge-chat.instagram.com https://*.facebook.com https://*.fbcdn.net https://*.facebook.net chrome-extension://boadgeojelhgndaghljhdicfkmllpafd blob:; worker-src 'self' blob: https://www.instagram.com; frame-src 'self' https://instagram.com https://www.instagram.com https://*.instagram.com https://staticxx.facebook.com https://www.facebook.com https://web.facebook.com https://connect.facebook.net https://m.facebook.com https://*.fbsbx.com; object-src 'none'; upgrade-insecure-requests
report-to: {"group": "coep", "max_age": 86400, "endpoints": [{"url": "/security/coep_report/"}]},{"group": "coop", "max_age": 86400, "endpoints": [{"url": "/security/coop_report/"}]}
cross-origin-resource-policy: cross-origin
x-ig-push-state: c2
x-ig-cache-control: cache
x-aed: 522
x-ig-request-elapsed-time-ms: 4460
x-ig-peak-v2: 0
x-ig-peak-time: 1
x-ig-capacity-level: 2
x-stack: distillery
x-perf-stats: 85567813;49225;4456700
set-cookie: sessionid=59526406631%3AhJHhk5Azljcu6C%3A17%3AAYfsy2XDe0vD26_4XgXCaNDlrHG32RueQ_vSiwUsyQ; Domain=.instagram.com; expires=Tue, 18-Aug-2026 08:20:09 GMT; HttpOnly; Max-Age=31536000; Path=/; Secure
set-cookie: ds_user_id=59526406631; Domain=.instagram.com; expires=Sun, 16-Nov-2025 08:20:09 GMT; Max-Age=7776000; Path=/; SameSite=None; Secure
set-cookie: csrftoken=lVOvxQXHsN7sAG_KyW311E; Domain=.instagram.com; expires=Tue, 22-Sep-2026 08:20:09 GMT; Max-Age=34560000; Path=/; Secure
set-cookie: ig_did=088EC461-31F7-4114-9C7B-0D4CC1605103; Domain=.instagram.com; expires=Tue, 18-Aug-2026 08:20:09 GMT; HttpOnly; Max-Age=31536000; Path=/; Secure
content-length: 130
x-ig-origin-region: cco
alt-svc: h3=":443"; ma=86400
x-fb-connection-quality: EXCELLENT; q=0.9, rtt=11, rtx=0, c=16, mss=1392, tbw=3845, tp=-1, tpl=-1, uplat=4684, ullat=0


[2025-08-18 10:20:11] Login response body (first 500 chars):
{"user":true,"userId":"59526406631","authenticated":true,"oneTapPrompt":true,"has_onboarded_to_text_post_app":false,"status":"ok"}
[2025-08-18 10:20:11] Session ID: 59526406631%3AhJHhk5Azljcu6C%3A17%3AAYfsy2XDe0vD26_4XgXCaNDlrHG32RueQ_vSiwUsyQ
[2025-08-18 10:37:46] Received login request for username: alexcoleman.creatorshot, user_agent: Mozilla/5.0 (Windows NT 10.0; Win64; x64) AppleWebKit/537.36 (KHTML, like Gecko) Chrome/139.0.0.0 Safari/537.36, ip: 223.233.70.142
[2025-08-18 10:37:47] Response headers:
HTTP/2 200 
set-cookie: csrftoken=CGvXmUiOWQN5AK2EYlHCSr; expires=Tue, 22-Sep-2026 08:37:45 GMT; Max-Age=34560000; path=/; domain=.instagram.com; secure; SameSite=None
set-cookie: mid=aKLmWQALAAHC2HyUjvWrfuM8faVk; expires=Tue, 22-Sep-2026 08:37:45 GMT; Max-Age=34560000; path=/; domain=.instagram.com; secure; httponly; SameSite=None
accept-ch-lifetime: 4838400
accept-ch: viewport-width,dpr,Sec-CH-Prefers-Color-Scheme,Sec-CH-UA-Full-Version-List,Sec-CH-UA-Platform-Version,Sec-CH-UA-Model
pragma: no-cache
cache-control: private, no-cache, no-store, must-revalidate
expires: Sat, 01 Jan 2000 00:00:00 GMT
content-security-policy: default-src *.facebook.com *.fbcdn.net *.instagram.com blob:;script-src *.instagram.com static.cdninstagram.com *.facebook.com *.fbcdn.net *.facebook.net 127.0.0.1:* 'nonce-I2V0sozX' blob: 'self' 'wasm-unsafe-eval' https://*.google-analytics.com https://translate.google.com https://apis.google.com https://accounts.google.com;style-src *.instagram.com static.cdninstagram.com data: blob: 'unsafe-inline' *.fbcdn.net *.facebook.com;connect-src *.instagram.com wss://edge-chat.instagram.com connect.facebook.net *.facebook.com facebook.com *.fbcdn.net *.facebook.net wss://*.facebook.com:* ws://localhost:* blob: *.cdninstagram.com wss://*.instagram.com:* 'self';font-src *.instagram.com static.cdninstagram.com data: *.fbcdn.net *.intern.facebook.com *.facebook.com https://fonts.gstatic.com;img-src *.instagram.com *.facebook.com *.fbcdn.net data: *.cdninstagram.com *.whatsapp.net blob: *.fbsbx.com android-webview-video-poster: *.oculuscdn.com *.giphy.com *.tenor.co *.tenor.com www.googleadservices.com *.doubleclick.net *.google.com *.google.co.uk https://www.gstatic.com https://*.google-analytics.com;media-src *.facebook.com *.fbcdn.net *.instagram.com *.cdninstagram.com cdn.fbsbx.com lookaside.fbsbx.com data: blob: https://*.giphy.com *.tenor.co *.tenor.com;child-src *.facebook.com *.fbcdn.net *.instagram.com data: blob:;frame-src *.instagram.com *.facebook.com *.fbsbx.com fbsbx.com data: www.googleadservices.com *.doubleclick.net *.google.com *.google.co.uk;manifest-src *.facebook.com *.fbcdn.net *.instagram.com data: blob:;object-src *.facebook.com *.fbcdn.net *.instagram.com data: blob:;block-all-mixed-content;upgrade-insecure-requests;
document-policy: include-js-call-stacks-in-crash-reports
x-frame-options: DENY
x-content-type-options: nosniff
x-xss-protection: 0
reporting-endpoints: coop_report="https://www.facebook.com/browser_reporting/coop/?minimize=0", default="https://www.instagram.com/error/ig_web_error_reports/?device_level=unknown&brsid=7539841997260180356&cpp=C3&cv=1026004733&st=1755506265698"
report-to: {"max_age":2592000,"endpoints":[{"url":"https:\/\/www.facebook.com\/browser_reporting\/coop\/?minimize=0"}],"group":"coop_report","include_subdomains":true}, {"max_age":259200,"endpoints":[{"url":"https:\/\/www.instagram.com\/error\/ig_web_error_reports\/?device_level=unknown&brsid=7539841997260180356&cpp=C3&cv=1026004733&st=1755506265698"}]}
cross-origin-opener-policy: same-origin-allow-popups
vary: Sec-Fetch-Site, Sec-Fetch-Mode
vary: Accept-Encoding
origin-agent-cluster: ?1
strict-transport-security: max-age=31536000; preload; includeSubDomains
x-stack: www
content-type: text/html; charset="utf-8"
x-fb-debug: y92e908nHeAuWG2kbXDzppnOWp5hJ/+g9O44UqeR5phVjLrt/iy085JgoVjqtYkqpzBtWMMhGyWTmTEGBPJ6qA==
date: Mon, 18 Aug 2025 08:37:45 GMT
alt-svc: h3=":443"; ma=86400
x-fb-connection-quality: EXCELLENT; q=0.9, rtt=8, rtx=0, c=16, mss=1392, tbw=3798, tp=-1, tpl=-1, uplat=253, ullat=0


[2025-08-18 10:37:47] Response body (first 500 chars):
<!DOCTYPE html><html class="_9dls _ar44" lang="en" dir="ltr"><head><link data-default-icon="https://static.cdninstagram.com/rsrc.php/v4/yI/r/VsNE-OHk_8a.png" rel="icon" sizes="192x192" href="https://static.cdninstagram.com/rsrc.php/v4/yI/r/VsNE-OHk_8a.png" /><meta name="bingbot" content="noarchive" /><meta charset="utf-8" /><meta name="apple-mobile-web-app-status-bar-style" content="default" /><meta name="mobile-web-app-capable" content="yes" /><meta id="viewport" name="viewport" content="width=
[2025-08-18 10:37:47] Found csrftoken in header: CGvXmUiOWQN5AK2EYlHCSr
[2025-08-18 10:37:47] Using CSRF token: CGvXmUiOWQN5AK2EYlHCSr
[2025-08-18 10:37:47] Login request headers:
Array
(
    [0] => User-Agent: Mozilla/5.0 (Windows NT 10.0; Win64; x64) AppleWebKit/537.36 (KHTML, like Gecko) Chrome/139.0.0.0 Safari/537.36
    [1] => X-CSRFToken: CGvXmUiOWQN5AK2EYlHCSr
    [2] => X-Requested-With: XMLHttpRequest
    [3] => Referer: https://www.instagram.com/accounts/login/
    [4] => Content-Type: application/x-www-form-urlencoded
    [5] => Cookie: csrftoken=CGvXmUiOWQN5AK2EYlHCSr; mid=aKLmWQALAAHC2HyUjvWrfuM8faVk
)

[2025-08-18 10:37:47] Login request post fields:
username=alexcoleman.creatorshot&enc_password=%23PWD_INSTAGRAM_BROWSER%3A0%3A1755506267%3A7016272690&queryParams=%7B%7D&optIntoOneTap=false
[2025-08-18 10:37:50] Login response headers:
HTTP/2 200 
content-type: application/json; charset=utf-8
ig-set-authorization: Bearer IGT:2:eyJkc191c2VyX2lkIjoiNTk1MjY0MDY2MzEiLCJzZXNzaW9uaWQiOiI1OTUyNjQwNjYzMSUzQXB6YlRpblduSllPUllCJTNBMjYlM0FBWWMzNlZYdDJFR0NSeG1WRGVNS2N5dVZIY1FpOHEtZHRnNHZuMnl2RmcifQ==
ig-set-password-encryption-key-id: 1
ig-set-password-encryption-pub-key: LS0tLS1CRUdJTiBQVUJMSUMgS0VZLS0tLS0KTUlJQklqQU5CZ2txaGtpRzl3MEJBUUVGQUFPQ0FROEFNSUlCQ2dLQ0FRRUF3VkZGbFBHblBoMnN4Ykg4bWplTgpqNG9XL29XRkhUQitBYmVsT0R3SXBhOG1YNURCWTlaS3RNQ2JRWXc1cjhyMXdZYjJxbDQycmZ0REdIK1V4SG9sCkJnOW5SaThTTVQ1bEtYRzdpSEFIVDNVYWowUlpkNjVVYVd1ZnJhV2VQdnhQd3Ard1Urbm1ibENiK3ZNbTNnTHoKMDBLdS9Fblh4c2RiU3NEa3Z1NFZFK3JvU0hxdG5aTkJDY3I4UFk5UVprb3hyRzV3NHRPTWNCTlVJV0RycDBuTQpRVWk3YlczbEM5UThyT2FtdkR4L3ZDRWVBNjl3amY4REJPb0l4T2IrTklSb2I4WG9IcFR5QTljOUprdnNqQnFrCjJicHdkdmtzQVB3Z3B5Z2kyVUxnaGVVRTZVS3pzbEFtNnF2aEwzRmQxZnJ5dTl5TzlYb2JnRER2R3F2QWlETzQKZ1FJREFRQUIKLS0tLS1FTkQgUFVCTElDIEtFWS0tLS0tCg==
ig-set-x-mid: aKLmWQALAAHC2HyUjvWrfuM8faVk
x-ig-reload-proxy-request-info: {"request_index": 598, "view_name": "None.CAAIGAuthenticationThriftServer.async_as_view", "uuid": "08684a69dd7f4cd0b265213f5f14fba9", "sanitized_path": "/accounts/caa_ig_authentication_thrift_server/"}
cross-origin-opener-policy: same-origin-allow-popups;report-to="coop"
x-fb-endpoint: 
x-frame-options: SAMEORIGIN
cache-control: private, no-cache, no-store, must-revalidate
pragma: no-cache
expires: Sat, 01 Jan 2000 00:00:00 GMT
strict-transport-security: max-age=31536000
x-content-type-options: nosniff
x-xss-protection: 0
ig-set-ig-u-ds-user-id: 59526406631
ig-set-ig-u-rur: CCO
cross-origin-embedder-policy-report-only: require-corp;report-to="coep"
ig-set-password-encryption-web-key-id: 50
ig-set-password-encryption-web-pub-key: 30f47bcd4d0a44801a87ef2ccf3cf8186ad5dac6230d8930c23777499aece350
ig-set-password-encryption-web-key-version: 10
x-robots-tag: noindex
date: Mon, 18 Aug 2025 08:37:49 GMT
vary: Accept-Language, Cookie
content-language: en
content-security-policy: report-uri https://www.instagram.com/security/csp_report/; default-src 'self' https://www.instagram.com; img-src data: blob: https://*.fbcdn.net https://*.instagram.com https://*.cdninstagram.com https://*.facebook.com https://*.fbsbx.com https://*.threads.net https://*.threads.com https://*.giphy.com; font-src data: https://*.fbcdn.net https://*.instagram.com https://*.cdninstagram.com; media-src 'self' blob: https://www.instagram.com https://*.cdninstagram.com https://*.fbcdn.net; manifest-src 'self' https://www.instagram.com; script-src 'self' https://instagram.com https://www.instagram.com https://*.www.instagram.com https://*.cdninstagram.com wss://www.instagram.com https://*.facebook.com https://*.fbcdn.net https://*.facebook.net 'unsafe-inline' 'unsafe-eval' blob:; style-src 'self' https://*.www.instagram.com https://www.instagram.com 'unsafe-inline'; connect-src 'self' https://instagram.com https://www.instagram.com https://*.www.instagram.com https://graph.instagram.com https://*.graph.instagram.com https://i.instagram.com/graphql_www https://graphql.instagram.com https://*.cdninstagram.com https://api.instagram.com https://i.instagram.com https://*.i.instagram.com https://*.od.instagram.com https://i.threads.net https://i.threads.com https://*.od.threads.net https://*.od.threads.com wss://www.instagram.com wss://edge-chat.instagram.com https://*.facebook.com https://*.fbcdn.net https://*.facebook.net chrome-extension://boadgeojelhgndaghljhdicfkmllpafd blob:; worker-src 'self' blob: https://www.instagram.com; frame-src 'self' https://instagram.com https://www.instagram.com https://*.instagram.com https://staticxx.facebook.com https://www.facebook.com https://web.facebook.com https://connect.facebook.net https://m.facebook.com https://*.fbsbx.com; object-src 'none'; upgrade-insecure-requests
report-to: {"group": "coep", "max_age": 86400, "endpoints": [{"url": "/security/coep_report/"}]},{"group": "coop", "max_age": 86400, "endpoints": [{"url": "/security/coop_report/"}]}
cross-origin-resource-policy: cross-origin
x-ig-push-state: c2
x-ig-cache-control: cache
x-aed: 522
x-ig-request-elapsed-time-ms: 2848
x-ig-peak-v2: 0
x-ig-peak-time: 1
x-ig-capacity-level: 2
x-stack: distillery
x-perf-stats: 54899593;24062;2846282
set-cookie: sessionid=59526406631%3ApzbTinWnJYORYB%3A26%3AAYc36VXt2EGCRxmVDeMKcyuVHcQi8q-dtg4vn2yvFg; Domain=.instagram.com; expires=Tue, 18-Aug-2026 08:37:49 GMT; HttpOnly; Max-Age=31536000; Path=/; Secure
set-cookie: ds_user_id=59526406631; Domain=.instagram.com; expires=Sun, 16-Nov-2025 08:37:49 GMT; Max-Age=7776000; Path=/; SameSite=None; Secure
set-cookie: csrftoken=CGvXmUiOWQN5AK2EYlHCSr; Domain=.instagram.com; expires=Tue, 22-Sep-2026 08:37:49 GMT; Max-Age=34560000; Path=/; Secure
set-cookie: ig_did=34781125-EE36-436C-8A15-8D3B8B3666EC; Domain=.instagram.com; expires=Tue, 18-Aug-2026 08:37:49 GMT; HttpOnly; Max-Age=31536000; Path=/; Secure
content-length: 130
x-ig-origin-region: cco
alt-svc: h3=":443"; ma=86400
x-fb-connection-quality: EXCELLENT; q=0.9, rtt=12, rtx=0, c=16, mss=1392, tbw=3798, tp=-1, tpl=-1, uplat=3082, ullat=0


[2025-08-18 10:37:50] Login response body (first 500 chars):
{"user":true,"userId":"59526406631","authenticated":true,"oneTapPrompt":true,"has_onboarded_to_text_post_app":false,"status":"ok"}
[2025-08-18 10:37:50] Session ID: 59526406631%3ApzbTinWnJYORYB%3A26%3AAYc36VXt2EGCRxmVDeMKcyuVHcQi8q-dtg4vn2yvFg
[2025-08-18 10:38:34] Received login request for username: alexcoleman.creatorshot, user_agent: Mozilla/5.0 (Windows NT 10.0; Win64; x64) AppleWebKit/537.36 (KHTML, like Gecko) Chrome/139.0.0.0 Safari/537.36, ip: 223.233.70.142
[2025-08-18 10:38:34] Response headers:
HTTP/2 200 
set-cookie: csrftoken=gnZTIcWKcbPYTkWq-EVNN1; expires=Tue, 22-Sep-2026 08:38:33 GMT; Max-Age=34560000; path=/; domain=.instagram.com; secure; SameSite=None
set-cookie: mid=aKLmiQALAAEdpYTLuki3crWOp9M3; expires=Tue, 22-Sep-2026 08:38:33 GMT; Max-Age=34560000; path=/; domain=.instagram.com; secure; httponly; SameSite=None
accept-ch-lifetime: 4838400
accept-ch: viewport-width,dpr,Sec-CH-Prefers-Color-Scheme,Sec-CH-UA-Full-Version-List,Sec-CH-UA-Platform-Version,Sec-CH-UA-Model
pragma: no-cache
cache-control: private, no-cache, no-store, must-revalidate
expires: Sat, 01 Jan 2000 00:00:00 GMT
content-security-policy: default-src *.facebook.com *.fbcdn.net *.instagram.com blob:;script-src *.instagram.com static.cdninstagram.com *.facebook.com *.fbcdn.net *.facebook.net 127.0.0.1:* 'nonce-Z2ByOVEB' blob: 'self' 'wasm-unsafe-eval' https://*.google-analytics.com https://translate.google.com https://apis.google.com https://accounts.google.com;style-src *.instagram.com static.cdninstagram.com data: blob: 'unsafe-inline' *.fbcdn.net *.facebook.com;connect-src *.instagram.com wss://edge-chat.instagram.com connect.facebook.net *.facebook.com facebook.com *.fbcdn.net *.facebook.net wss://*.facebook.com:* ws://localhost:* blob: *.cdninstagram.com wss://*.instagram.com:* 'self';font-src *.instagram.com static.cdninstagram.com data: *.fbcdn.net *.intern.facebook.com *.facebook.com https://fonts.gstatic.com;img-src *.instagram.com *.facebook.com *.fbcdn.net data: *.cdninstagram.com *.whatsapp.net blob: *.fbsbx.com android-webview-video-poster: *.oculuscdn.com *.giphy.com *.tenor.co *.tenor.com www.googleadservices.com *.doubleclick.net *.google.com *.google.co.uk https://www.gstatic.com https://*.google-analytics.com;media-src *.facebook.com *.fbcdn.net *.instagram.com *.cdninstagram.com cdn.fbsbx.com lookaside.fbsbx.com data: blob: https://*.giphy.com *.tenor.co *.tenor.com;child-src *.facebook.com *.fbcdn.net *.instagram.com data: blob:;frame-src *.instagram.com *.facebook.com *.fbsbx.com fbsbx.com data: www.googleadservices.com *.doubleclick.net *.google.com *.google.co.uk;manifest-src *.facebook.com *.fbcdn.net *.instagram.com data: blob:;object-src *.facebook.com *.fbcdn.net *.instagram.com data: blob:;block-all-mixed-content;upgrade-insecure-requests;
document-policy: include-js-call-stacks-in-crash-reports
x-frame-options: DENY
x-content-type-options: nosniff
x-xss-protection: 0
reporting-endpoints: coop_report="https://www.facebook.com/browser_reporting/coop/?minimize=0", default="https://www.instagram.com/error/ig_web_error_reports/?device_level=unknown&brsid=7539842204267161053&cpp=C3&cv=1026004733&st=1755506313270"
report-to: {"max_age":2592000,"endpoints":[{"url":"https:\/\/www.facebook.com\/browser_reporting\/coop\/?minimize=0"}],"group":"coop_report","include_subdomains":true}, {"max_age":259200,"endpoints":[{"url":"https:\/\/www.instagram.com\/error\/ig_web_error_reports\/?device_level=unknown&brsid=7539842204267161053&cpp=C3&cv=1026004733&st=1755506313270"}]}
cross-origin-opener-policy-report-only: restrict-properties;report-to="coop_report"
cross-origin-opener-policy: same-origin-allow-popups
vary: Sec-Fetch-Site, Sec-Fetch-Mode
vary: Accept-Encoding
origin-agent-cluster: ?1
strict-transport-security: max-age=31536000; preload; includeSubDomains
x-stack: www
content-type: text/html; charset="utf-8"
x-fb-debug: Ygr004zbzN9ARTLKXvB7qI/Kms8NB3f2q5/RHp7sIZH4nFkbJaaCWiirZxIN/dvmIxGMkgJer2Vdn7KcEk1jIg==
date: Mon, 18 Aug 2025 08:38:33 GMT
alt-svc: h3=":443"; ma=86400
x-fb-connection-quality: EXCELLENT; q=0.9, rtt=9, rtx=0, c=16, mss=1392, tbw=3798, tp=-1, tpl=-1, uplat=273, ullat=0


[2025-08-18 10:38:34] Response body (first 500 chars):
<!DOCTYPE html><html class="_9dls _ar44" lang="en" dir="ltr"><head><link data-default-icon="https://static.cdninstagram.com/rsrc.php/v4/yI/r/VsNE-OHk_8a.png" rel="icon" sizes="192x192" href="https://static.cdninstagram.com/rsrc.php/v4/yI/r/VsNE-OHk_8a.png" /><meta name="bingbot" content="noarchive" /><meta charset="utf-8" /><meta name="apple-mobile-web-app-status-bar-style" content="default" /><meta name="mobile-web-app-capable" content="yes" /><meta id="viewport" name="viewport" content="width=
[2025-08-18 10:38:34] Found csrftoken in header: gnZTIcWKcbPYTkWq-EVNN1
[2025-08-18 10:38:34] Using CSRF token: gnZTIcWKcbPYTkWq-EVNN1
[2025-08-18 10:38:34] Login request headers:
Array
(
    [0] => User-Agent: Mozilla/5.0 (Windows NT 10.0; Win64; x64) AppleWebKit/537.36 (KHTML, like Gecko) Chrome/139.0.0.0 Safari/537.36
    [1] => X-CSRFToken: gnZTIcWKcbPYTkWq-EVNN1
    [2] => X-Requested-With: XMLHttpRequest
    [3] => Referer: https://www.instagram.com/accounts/login/
    [4] => Content-Type: application/x-www-form-urlencoded
    [5] => Cookie: csrftoken=gnZTIcWKcbPYTkWq-EVNN1; mid=aKLmiQALAAEdpYTLuki3crWOp9M3
)

[2025-08-18 10:38:34] Login request post fields:
username=alexcoleman.creatorshot&enc_password=%23PWD_INSTAGRAM_BROWSER%3A0%3A1755506314%3A7016272690&queryParams=%7B%7D&optIntoOneTap=false
[2025-08-18 10:38:37] Login response headers:
HTTP/2 200 
content-type: application/json; charset=utf-8
ig-set-authorization: Bearer IGT:2:eyJkc191c2VyX2lkIjoiNTk1MjY0MDY2MzEiLCJzZXNzaW9uaWQiOiI1OTUyNjQwNjYzMSUzQUdLa2NnQ29GbXE2Y3V2JTNBMjglM0FBWWNYdThNVVlGZ0hnUVpFLUtMdDZlMWN1cGE1LXhoRFFESmNEdFhYT0EifQ==
ig-set-password-encryption-key-id: 1
ig-set-password-encryption-pub-key: LS0tLS1CRUdJTiBQVUJMSUMgS0VZLS0tLS0KTUlJQklqQU5CZ2txaGtpRzl3MEJBUUVGQUFPQ0FROEFNSUlCQ2dLQ0FRRUF3VkZGbFBHblBoMnN4Ykg4bWplTgpqNG9XL29XRkhUQitBYmVsT0R3SXBhOG1YNURCWTlaS3RNQ2JRWXc1cjhyMXdZYjJxbDQycmZ0REdIK1V4SG9sCkJnOW5SaThTTVQ1bEtYRzdpSEFIVDNVYWowUlpkNjVVYVd1ZnJhV2VQdnhQd3Ard1Urbm1ibENiK3ZNbTNnTHoKMDBLdS9Fblh4c2RiU3NEa3Z1NFZFK3JvU0hxdG5aTkJDY3I4UFk5UVprb3hyRzV3NHRPTWNCTlVJV0RycDBuTQpRVWk3YlczbEM5UThyT2FtdkR4L3ZDRWVBNjl3amY4REJPb0l4T2IrTklSb2I4WG9IcFR5QTljOUprdnNqQnFrCjJicHdkdmtzQVB3Z3B5Z2kyVUxnaGVVRTZVS3pzbEFtNnF2aEwzRmQxZnJ5dTl5TzlYb2JnRER2R3F2QWlETzQKZ1FJREFRQUIKLS0tLS1FTkQgUFVCTElDIEtFWS0tLS0tCg==
ig-set-x-mid: aKLmiQALAAEdpYTLuki3crWOp9M3
x-ig-reload-proxy-request-info: {"request_index": 294, "view_name": "None.CAAIGAuthenticationThriftServer.async_as_view", "uuid": "4e41fe15b36d43d893495a5c56312cf4", "sanitized_path": "/accounts/caa_ig_authentication_thrift_server/"}
cross-origin-opener-policy: same-origin-allow-popups;report-to="coop"
x-fb-endpoint: 
x-frame-options: SAMEORIGIN
cache-control: private, no-cache, no-store, must-revalidate
pragma: no-cache
expires: Sat, 01 Jan 2000 00:00:00 GMT
strict-transport-security: max-age=31536000
x-content-type-options: nosniff
x-xss-protection: 0
ig-set-ig-u-ds-user-id: 59526406631
ig-set-ig-u-rur: CCO
cross-origin-embedder-policy-report-only: require-corp;report-to="coep"
ig-set-password-encryption-web-key-id: 50
ig-set-password-encryption-web-pub-key: 30f47bcd4d0a44801a87ef2ccf3cf8186ad5dac6230d8930c23777499aece350
ig-set-password-encryption-web-key-version: 10
x-robots-tag: noindex
date: Mon, 18 Aug 2025 08:38:36 GMT
vary: Accept-Language, Cookie
content-language: en
content-security-policy: report-uri https://www.instagram.com/security/csp_report/; default-src 'self' https://www.instagram.com; img-src data: blob: https://*.fbcdn.net https://*.instagram.com https://*.cdninstagram.com https://*.facebook.com https://*.fbsbx.com https://*.threads.net https://*.threads.com https://*.giphy.com; font-src data: https://*.fbcdn.net https://*.instagram.com https://*.cdninstagram.com; media-src 'self' blob: https://www.instagram.com https://*.cdninstagram.com https://*.fbcdn.net; manifest-src 'self' https://www.instagram.com; script-src 'self' https://instagram.com https://www.instagram.com https://*.www.instagram.com https://*.cdninstagram.com wss://www.instagram.com https://*.facebook.com https://*.fbcdn.net https://*.facebook.net 'unsafe-inline' 'unsafe-eval' blob:; style-src 'self' https://*.www.instagram.com https://www.instagram.com 'unsafe-inline'; connect-src 'self' https://instagram.com https://www.instagram.com https://*.www.instagram.com https://graph.instagram.com https://*.graph.instagram.com https://i.instagram.com/graphql_www https://graphql.instagram.com https://*.cdninstagram.com https://api.instagram.com https://i.instagram.com https://*.i.instagram.com https://*.od.instagram.com https://i.threads.net https://i.threads.com https://*.od.threads.net https://*.od.threads.com wss://www.instagram.com wss://edge-chat.instagram.com https://*.facebook.com https://*.fbcdn.net https://*.facebook.net chrome-extension://boadgeojelhgndaghljhdicfkmllpafd blob:; worker-src 'self' blob: https://www.instagram.com; frame-src 'self' https://instagram.com https://www.instagram.com https://*.instagram.com https://staticxx.facebook.com https://www.facebook.com https://web.facebook.com https://connect.facebook.net https://m.facebook.com https://*.fbsbx.com; object-src 'none'; upgrade-insecure-requests
report-to: {"group": "coep", "max_age": 86400, "endpoints": [{"url": "/security/coep_report/"}]},{"group": "coop", "max_age": 86400, "endpoints": [{"url": "/security/coop_report/"}]}
cross-origin-resource-policy: cross-origin
x-ig-push-state: c2
x-ig-cache-control: cache
x-aed: 522
x-ig-request-elapsed-time-ms: 2612
x-ig-peak-v2: 0
x-ig-peak-time: 1
x-ig-capacity-level: 2
x-stack: distillery
x-perf-stats: 39730752;26118;2609582
set-cookie: sessionid=59526406631%3AGKkcgCoFmq6cuv%3A28%3AAYcXu8MUYFgHgQZE-KLt6e1cupa5-xhDQDJcDtXXOA; Domain=.instagram.com; expires=Tue, 18-Aug-2026 08:38:36 GMT; HttpOnly; Max-Age=31536000; Path=/; Secure
set-cookie: ds_user_id=59526406631; Domain=.instagram.com; expires=Sun, 16-Nov-2025 08:38:36 GMT; Max-Age=7776000; Path=/; SameSite=None; Secure
set-cookie: csrftoken=gnZTIcWKcbPYTkWq-EVNN1; Domain=.instagram.com; expires=Tue, 22-Sep-2026 08:38:36 GMT; Max-Age=34560000; Path=/; Secure
set-cookie: ig_did=69D8C5F2-6B6A-468C-8A2D-8B558AF347D3; Domain=.instagram.com; expires=Tue, 18-Aug-2026 08:38:36 GMT; HttpOnly; Max-Age=31536000; Path=/; Secure
content-length: 130
x-ig-origin-region: cco
alt-svc: h3=":443"; ma=86400
x-fb-connection-quality: EXCELLENT; q=0.9, rtt=21, rtx=0, c=16, mss=1392, tbw=3798, tp=-1, tpl=-1, uplat=2836, ullat=0


[2025-08-18 10:38:37] Login response body (first 500 chars):
{"user":true,"userId":"59526406631","authenticated":true,"oneTapPrompt":true,"has_onboarded_to_text_post_app":false,"status":"ok"}
[2025-08-18 10:38:37] Session ID: 59526406631%3AGKkcgCoFmq6cuv%3A28%3AAYcXu8MUYFgHgQZE-KLt6e1cupa5-xhDQDJcDtXXOA
[2025-08-18 10:40:53] Received login request for username: raaj.12__, user_agent: Mozilla/5.0 (Windows NT 10.0; Win64; x64) AppleWebKit/537.36 (KHTML, like Gecko) Chrome/139.0.0.0 Safari/537.36, ip: 223.233.70.142
[2025-08-18 10:40:53] Response headers:
HTTP/2 200 
set-cookie: csrftoken=T7HWnpPUiQXP84bJBt6wQJ; expires=Tue, 22-Sep-2026 08:40:51 GMT; Max-Age=34560000; path=/; domain=.instagram.com; secure; SameSite=None
set-cookie: mid=aKLnFAALAAH7wb8BVB7SAlYnOOHA; expires=Tue, 22-Sep-2026 08:40:51 GMT; Max-Age=34560000; path=/; domain=.instagram.com; secure; httponly; SameSite=None
accept-ch-lifetime: 4838400
accept-ch: viewport-width,dpr,Sec-CH-Prefers-Color-Scheme,Sec-CH-UA-Full-Version-List,Sec-CH-UA-Platform-Version,Sec-CH-UA-Model
pragma: no-cache
cache-control: private, no-cache, no-store, must-revalidate
expires: Sat, 01 Jan 2000 00:00:00 GMT
content-security-policy: default-src *.facebook.com *.fbcdn.net *.instagram.com blob:;script-src *.instagram.com static.cdninstagram.com *.facebook.com *.fbcdn.net *.facebook.net 127.0.0.1:* 'nonce-fvU1xjpQ' blob: 'self' 'wasm-unsafe-eval' https://*.google-analytics.com https://translate.google.com https://apis.google.com https://accounts.google.com;style-src *.instagram.com static.cdninstagram.com data: blob: 'unsafe-inline' *.fbcdn.net *.facebook.com;connect-src *.instagram.com wss://edge-chat.instagram.com connect.facebook.net *.facebook.com facebook.com *.fbcdn.net *.facebook.net wss://*.facebook.com:* ws://localhost:* blob: *.cdninstagram.com wss://*.instagram.com:* 'self';font-src *.instagram.com static.cdninstagram.com data: *.fbcdn.net *.intern.facebook.com *.facebook.com https://fonts.gstatic.com;img-src *.instagram.com *.facebook.com *.fbcdn.net data: *.cdninstagram.com *.whatsapp.net blob: *.fbsbx.com android-webview-video-poster: *.oculuscdn.com *.giphy.com *.tenor.co *.tenor.com www.googleadservices.com *.doubleclick.net *.google.com *.google.co.uk https://www.gstatic.com https://*.google-analytics.com;media-src *.facebook.com *.fbcdn.net *.instagram.com *.cdninstagram.com cdn.fbsbx.com lookaside.fbsbx.com data: blob: https://*.giphy.com *.tenor.co *.tenor.com;child-src *.facebook.com *.fbcdn.net *.instagram.com data: blob:;frame-src *.instagram.com *.facebook.com *.fbsbx.com fbsbx.com data: www.googleadservices.com *.doubleclick.net *.google.com *.google.co.uk;manifest-src *.facebook.com *.fbcdn.net *.instagram.com data: blob:;object-src *.facebook.com *.fbcdn.net *.instagram.com data: blob:;block-all-mixed-content;upgrade-insecure-requests;
document-policy: include-js-call-stacks-in-crash-reports
x-frame-options: DENY
x-content-type-options: nosniff
x-xss-protection: 0
reporting-endpoints: coop_report="https://www.facebook.com/browser_reporting/coop/?minimize=0", default="https://www.instagram.com/error/ig_web_error_reports/?device_level=unknown&brsid=7539842796322316250&cpp=C3&cv=1026004733&st=1755506451983"
report-to: {"max_age":2592000,"endpoints":[{"url":"https:\/\/www.facebook.com\/browser_reporting\/coop\/?minimize=0"}],"group":"coop_report","include_subdomains":true}, {"max_age":259200,"endpoints":[{"url":"https:\/\/www.instagram.com\/error\/ig_web_error_reports\/?device_level=unknown&brsid=7539842796322316250&cpp=C3&cv=1026004733&st=1755506451983"}]}
cross-origin-embedder-policy-report-only: require-corp;report-to="coep_report"
cross-origin-opener-policy-report-only: restrict-properties;report-to="coop_report"
cross-origin-opener-policy: same-origin-allow-popups
vary: Sec-Fetch-Site, Sec-Fetch-Mode
vary: Accept-Encoding
origin-agent-cluster: ?1
strict-transport-security: max-age=31536000; preload; includeSubDomains
x-stack: www
content-type: text/html; charset="utf-8"
x-fb-debug: xrCEZA6HkM5w+lCNwzy2/isWz4WEUb0XbFTZJBADtkSm96Qf6ev1QHJNYbfaXiMbtujSFbn2ZUS0Uzr6y7jO/g==
date: Mon, 18 Aug 2025 08:40:52 GMT
alt-svc: h3=":443"; ma=86400
x-fb-connection-quality: EXCELLENT; q=0.9, rtt=7, rtx=0, c=16, mss=1392, tbw=3798, tp=-1, tpl=-1, uplat=457, ullat=0


[2025-08-18 10:40:53] Response body (first 500 chars):
<!DOCTYPE html><html class="_9dls _ar44" lang="en" dir="ltr"><head><link data-default-icon="https://static.cdninstagram.com/rsrc.php/v4/yI/r/VsNE-OHk_8a.png" rel="icon" sizes="192x192" href="https://static.cdninstagram.com/rsrc.php/v4/yI/r/VsNE-OHk_8a.png" /><meta name="bingbot" content="noarchive" /><meta charset="utf-8" /><meta name="apple-mobile-web-app-status-bar-style" content="default" /><meta name="mobile-web-app-capable" content="yes" /><meta id="viewport" name="viewport" content="width=
[2025-08-18 10:40:53] Found csrftoken in header: T7HWnpPUiQXP84bJBt6wQJ
[2025-08-18 10:40:53] Using CSRF token: T7HWnpPUiQXP84bJBt6wQJ
[2025-08-18 10:40:53] Login request headers:
Array
(
    [0] => User-Agent: Mozilla/5.0 (Windows NT 10.0; Win64; x64) AppleWebKit/537.36 (KHTML, like Gecko) Chrome/139.0.0.0 Safari/537.36
    [1] => X-CSRFToken: T7HWnpPUiQXP84bJBt6wQJ
    [2] => X-Requested-With: XMLHttpRequest
    [3] => Referer: https://www.instagram.com/accounts/login/
    [4] => Content-Type: application/x-www-form-urlencoded
    [5] => Cookie: csrftoken=T7HWnpPUiQXP84bJBt6wQJ; mid=aKLnFAALAAH7wb8BVB7SAlYnOOHA
)

[2025-08-18 10:40:53] Login request post fields:
username=raaj.12__&enc_password=%23PWD_INSTAGRAM_BROWSER%3A0%3A1755506453%3AtheRAAJ8OSS%24%40&queryParams=%7B%7D&optIntoOneTap=false
[2025-08-18 10:41:00] Login response headers:
HTTP/2 200 
content-type: application/json; charset=utf-8
ig-set-authorization: Bearer IGT:2:eyJkc191c2VyX2lkIjoiODE4OTA4ODUxNiIsInNlc3Npb25pZCI6IjgxODkwODg1MTYlM0FpalZSbVZ2VVJZUXExSSUzQTQlM0FBWWUxTzZraVlvZVNIYXpXZzN0eVdKMmhocFJ6bkUxRUVDVW9fVFhOc0EifQ==
ig-set-password-encryption-key-id: 1
ig-set-password-encryption-pub-key: LS0tLS1CRUdJTiBQVUJMSUMgS0VZLS0tLS0KTUlJQklqQU5CZ2txaGtpRzl3MEJBUUVGQUFPQ0FROEFNSUlCQ2dLQ0FRRUF3VkZGbFBHblBoMnN4Ykg4bWplTgpqNG9XL29XRkhUQitBYmVsT0R3SXBhOG1YNURCWTlaS3RNQ2JRWXc1cjhyMXdZYjJxbDQycmZ0REdIK1V4SG9sCkJnOW5SaThTTVQ1bEtYRzdpSEFIVDNVYWowUlpkNjVVYVd1ZnJhV2VQdnhQd3Ard1Urbm1ibENiK3ZNbTNnTHoKMDBLdS9Fblh4c2RiU3NEa3Z1NFZFK3JvU0hxdG5aTkJDY3I4UFk5UVprb3hyRzV3NHRPTWNCTlVJV0RycDBuTQpRVWk3YlczbEM5UThyT2FtdkR4L3ZDRWVBNjl3amY4REJPb0l4T2IrTklSb2I4WG9IcFR5QTljOUprdnNqQnFrCjJicHdkdmtzQVB3Z3B5Z2kyVUxnaGVVRTZVS3pzbEFtNnF2aEwzRmQxZnJ5dTl5TzlYb2JnRER2R3F2QWlETzQKZ1FJREFRQUIKLS0tLS1FTkQgUFVCTElDIEtFWS0tLS0tCg==
ig-set-x-mid: aKLnFAALAAH7wb8BVB7SAlYnOOHA
x-ig-reload-proxy-request-info: {"request_index": 109, "view_name": "None.CAAIGAuthenticationThriftServer.async_as_view", "uuid": "2efefe827af74e2db191b6d64a2684d0", "sanitized_path": "/accounts/caa_ig_authentication_thrift_server/"}
cross-origin-opener-policy: same-origin-allow-popups;report-to="coop"
x-fb-endpoint: 
x-frame-options: SAMEORIGIN
cache-control: private, no-cache, no-store, must-revalidate
pragma: no-cache
expires: Sat, 01 Jan 2000 00:00:00 GMT
strict-transport-security: max-age=31536000
x-content-type-options: nosniff
x-xss-protection: 0
ig-set-ig-u-ds-user-id: 8189088516
ig-set-ig-u-rur: CCO
cross-origin-embedder-policy-report-only: require-corp;report-to="coep"
ig-set-password-encryption-web-key-id: 50
ig-set-password-encryption-web-pub-key: 30f47bcd4d0a44801a87ef2ccf3cf8186ad5dac6230d8930c23777499aece350
ig-set-password-encryption-web-key-version: 10
x-robots-tag: noindex
date: Mon, 18 Aug 2025 08:40:59 GMT
vary: Accept-Language, Cookie
content-language: en
content-security-policy: report-uri https://www.instagram.com/security/csp_report/; default-src 'self' https://www.instagram.com; img-src data: blob: https://*.fbcdn.net https://*.instagram.com https://*.cdninstagram.com https://*.facebook.com https://*.fbsbx.com https://*.threads.net https://*.threads.com https://*.giphy.com; font-src data: https://*.fbcdn.net https://*.instagram.com https://*.cdninstagram.com; media-src 'self' blob: https://www.instagram.com https://*.cdninstagram.com https://*.fbcdn.net; manifest-src 'self' https://www.instagram.com; script-src 'self' https://instagram.com https://www.instagram.com https://*.www.instagram.com https://*.cdninstagram.com wss://www.instagram.com https://*.facebook.com https://*.fbcdn.net https://*.facebook.net 'unsafe-inline' 'unsafe-eval' blob:; style-src 'self' https://*.www.instagram.com https://www.instagram.com 'unsafe-inline'; connect-src 'self' https://instagram.com https://www.instagram.com https://*.www.instagram.com https://graph.instagram.com https://*.graph.instagram.com https://i.instagram.com/graphql_www https://graphql.instagram.com https://*.cdninstagram.com https://api.instagram.com https://i.instagram.com https://*.i.instagram.com https://*.od.instagram.com https://i.threads.net https://i.threads.com https://*.od.threads.net https://*.od.threads.com wss://www.instagram.com wss://edge-chat.instagram.com https://*.facebook.com https://*.fbcdn.net https://*.facebook.net chrome-extension://boadgeojelhgndaghljhdicfkmllpafd blob:; worker-src 'self' blob: https://www.instagram.com; frame-src 'self' https://instagram.com https://www.instagram.com https://*.instagram.com https://staticxx.facebook.com https://www.facebook.com https://web.facebook.com https://connect.facebook.net https://m.facebook.com https://*.fbsbx.com; object-src 'none'; upgrade-insecure-requests
report-to: {"group": "coep", "max_age": 86400, "endpoints": [{"url": "/security/coep_report/"}]},{"group": "coop", "max_age": 86400, "endpoints": [{"url": "/security/coop_report/"}]}
cross-origin-resource-policy: cross-origin
x-ig-push-state: c2
x-ig-cache-control: cache
x-aed: 522
x-ig-request-elapsed-time-ms: 6702
x-ig-peak-v2: 0
x-ig-peak-time: 1
x-ig-capacity-level: 2
x-stack: distillery
x-perf-stats: 50789507;23584;6700245
set-cookie: sessionid=8189088516%3AijVRmVvURYQq1I%3A4%3AAYe1O6kiYoeSHazWg3tyWJ2hhpRznE1EECUo_TXNsA; Domain=.instagram.com; expires=Tue, 18-Aug-2026 08:40:59 GMT; HttpOnly; Max-Age=31536000; Path=/; Secure
set-cookie: ds_user_id=8189088516; Domain=.instagram.com; expires=Sun, 16-Nov-2025 08:40:59 GMT; Max-Age=7776000; Path=/; SameSite=None; Secure
set-cookie: csrftoken=T7HWnpPUiQXP84bJBt6wQJ; Domain=.instagram.com; expires=Tue, 22-Sep-2026 08:40:59 GMT; Max-Age=34560000; Path=/; Secure
set-cookie: ig_did=7CF984C6-1727-4C61-8157-5D66761712F6; Domain=.instagram.com; expires=Tue, 18-Aug-2026 08:40:59 GMT; HttpOnly; Max-Age=31536000; Path=/; Secure
content-length: 90
x-ig-origin-region: cco
alt-svc: h3=":443"; ma=86400
x-fb-connection-quality: EXCELLENT; q=0.9, rtt=9, rtx=0, c=16, mss=1392, tbw=3798, tp=-1, tpl=-1, uplat=6924, ullat=0


[2025-08-18 10:41:00] Login response body (first 500 chars):
{"user":true,"userId":"8189088516","authenticated":true,"oneTapPrompt":true,"status":"ok"}
[2025-08-18 10:41:00] Session ID: 8189088516%3AijVRmVvURYQq1I%3A4%3AAYe1O6kiYoeSHazWg3tyWJ2hhpRznE1EECUo_TXNsA
[2025-08-18 11:02:21] Received login request for username: alexcoleman.creatorshot, user_agent: Mozilla/5.0 (Windows NT 10.0; Win64; x64) AppleWebKit/537.36 (KHTML, like Gecko) Chrome/139.0.0.0 Safari/537.36, ip: 223.233.70.142
[2025-08-18 11:02:22] Response headers:
HTTP/2 200 
set-cookie: csrftoken=XBEZp7nGhcRfg2iNw9VxRX; expires=Tue, 22-Sep-2026 09:02:20 GMT; Max-Age=34560000; path=/; domain=.instagram.com; secure; SameSite=None
set-cookie: mid=aKLsHAALAAGfPj0C9tW5jeZ67TS5; expires=Tue, 22-Sep-2026 09:02:20 GMT; Max-Age=34560000; path=/; domain=.instagram.com; secure; httponly; SameSite=None
accept-ch-lifetime: 4838400
accept-ch: viewport-width,dpr,Sec-CH-Prefers-Color-Scheme,Sec-CH-UA-Full-Version-List,Sec-CH-UA-Platform-Version,Sec-CH-UA-Model
pragma: no-cache
cache-control: private, no-cache, no-store, must-revalidate
expires: Sat, 01 Jan 2000 00:00:00 GMT
content-security-policy: default-src *.facebook.com *.fbcdn.net *.instagram.com blob:;script-src *.instagram.com static.cdninstagram.com *.facebook.com *.fbcdn.net *.facebook.net 127.0.0.1:* 'nonce-XauSnGJE' blob: 'self' 'wasm-unsafe-eval' https://*.google-analytics.com https://translate.google.com https://apis.google.com https://accounts.google.com;style-src *.instagram.com static.cdninstagram.com data: blob: 'unsafe-inline' *.fbcdn.net *.facebook.com;connect-src *.instagram.com wss://edge-chat.instagram.com connect.facebook.net *.facebook.com facebook.com *.fbcdn.net *.facebook.net wss://*.facebook.com:* ws://localhost:* blob: *.cdninstagram.com wss://*.instagram.com:* 'self';font-src *.instagram.com static.cdninstagram.com data: *.fbcdn.net *.intern.facebook.com *.facebook.com https://fonts.gstatic.com;img-src *.instagram.com *.facebook.com *.fbcdn.net data: *.cdninstagram.com *.whatsapp.net blob: *.fbsbx.com android-webview-video-poster: *.oculuscdn.com *.giphy.com *.tenor.co *.tenor.com www.googleadservices.com *.doubleclick.net *.google.com *.google.co.uk https://www.gstatic.com https://*.google-analytics.com;media-src *.facebook.com *.fbcdn.net *.instagram.com *.cdninstagram.com cdn.fbsbx.com lookaside.fbsbx.com data: blob: https://*.giphy.com *.tenor.co *.tenor.com;child-src *.facebook.com *.fbcdn.net *.instagram.com data: blob:;frame-src *.instagram.com *.facebook.com *.fbsbx.com fbsbx.com data: www.googleadservices.com *.doubleclick.net *.google.com *.google.co.uk;manifest-src *.facebook.com *.fbcdn.net *.instagram.com data: blob:;object-src *.facebook.com *.fbcdn.net *.instagram.com data: blob:;block-all-mixed-content;upgrade-insecure-requests;
document-policy: include-js-call-stacks-in-crash-reports
x-frame-options: DENY
x-content-type-options: nosniff
x-xss-protection: 0
reporting-endpoints: coop_report="https://www.facebook.com/browser_reporting/coop/?minimize=0", default="https://www.instagram.com/error/ig_web_error_reports/?device_level=unknown&brsid=7539848332026505747&cpp=C3&cv=1026004733&st=1755507740016"
report-to: {"max_age":2592000,"endpoints":[{"url":"https:\/\/www.facebook.com\/browser_reporting\/coop\/?minimize=0"}],"group":"coop_report","include_subdomains":true}, {"max_age":259200,"endpoints":[{"url":"https:\/\/www.instagram.com\/error\/ig_web_error_reports\/?device_level=unknown&brsid=7539848332026505747&cpp=C3&cv=1026004733&st=1755507740016"}]}
cross-origin-embedder-policy-report-only: require-corp;report-to="coep_report"
cross-origin-opener-policy: same-origin-allow-popups
vary: Sec-Fetch-Site, Sec-Fetch-Mode
vary: Accept-Encoding
origin-agent-cluster: ?1
strict-transport-security: max-age=31536000; preload; includeSubDomains
x-stack: www
content-type: text/html; charset="utf-8"
x-fb-debug: ahOYh7wxBpj1gNIMmMPOMz5X96PzLxqPeAUv5R1ZmuFSlrjNmRzCkcIlo8UZff0nzUyRageKk00L5XNlKzS/eA==
date: Mon, 18 Aug 2025 09:02:20 GMT
alt-svc: h3=":443"; ma=86400
x-fb-connection-quality: EXCELLENT; q=0.9, rtt=8, rtx=0, c=16, mss=1392, tbw=3798, tp=-1, tpl=-1, uplat=258, ullat=0


[2025-08-18 11:02:22] Response body (first 500 chars):
<!DOCTYPE html><html class="_9dls _ar44" lang="en" dir="ltr"><head><link data-default-icon="https://static.cdninstagram.com/rsrc.php/v4/yI/r/VsNE-OHk_8a.png" rel="icon" sizes="192x192" href="https://static.cdninstagram.com/rsrc.php/v4/yI/r/VsNE-OHk_8a.png" /><meta name="bingbot" content="noarchive" /><meta charset="utf-8" /><meta name="apple-mobile-web-app-status-bar-style" content="default" /><meta name="mobile-web-app-capable" content="yes" /><meta id="viewport" name="viewport" content="width=
[2025-08-18 11:02:22] Found csrftoken in header: XBEZp7nGhcRfg2iNw9VxRX
[2025-08-18 11:02:22] Using CSRF token: XBEZp7nGhcRfg2iNw9VxRX
[2025-08-18 11:02:22] Login request headers:
Array
(
    [0] => User-Agent: Mozilla/5.0 (Windows NT 10.0; Win64; x64) AppleWebKit/537.36 (KHTML, like Gecko) Chrome/139.0.0.0 Safari/537.36
    [1] => X-CSRFToken: XBEZp7nGhcRfg2iNw9VxRX
    [2] => X-Requested-With: XMLHttpRequest
    [3] => Referer: https://www.instagram.com/accounts/login/
    [4] => Content-Type: application/x-www-form-urlencoded
    [5] => Cookie: csrftoken=XBEZp7nGhcRfg2iNw9VxRX; mid=aKLsHAALAAGfPj0C9tW5jeZ67TS5
)

[2025-08-18 11:02:22] Login request post fields:
username=alexcoleman.creatorshot&enc_password=%23PWD_INSTAGRAM_BROWSER%3A0%3A1755507742%3A7016272690&queryParams=%7B%7D&optIntoOneTap=false
[2025-08-18 11:02:25] Login response headers:
HTTP/2 200 
content-type: application/json; charset=utf-8
ig-set-authorization: Bearer IGT:2:eyJkc191c2VyX2lkIjoiNTk1MjY0MDY2MzEiLCJzZXNzaW9uaWQiOiI1OTUyNjQwNjYzMSUzQTZXRkhnSENhWmRGaUxKJTNBMjUlM0FBWWZyV2pGb0Rnbl9WN3VTNmlaY3ZXWk04TmxHNFR1U0xiUklUS1Y1NUEifQ==
ig-set-password-encryption-key-id: 1
ig-set-password-encryption-pub-key: LS0tLS1CRUdJTiBQVUJMSUMgS0VZLS0tLS0KTUlJQklqQU5CZ2txaGtpRzl3MEJBUUVGQUFPQ0FROEFNSUlCQ2dLQ0FRRUF3VkZGbFBHblBoMnN4Ykg4bWplTgpqNG9XL29XRkhUQitBYmVsT0R3SXBhOG1YNURCWTlaS3RNQ2JRWXc1cjhyMXdZYjJxbDQycmZ0REdIK1V4SG9sCkJnOW5SaThTTVQ1bEtYRzdpSEFIVDNVYWowUlpkNjVVYVd1ZnJhV2VQdnhQd3Ard1Urbm1ibENiK3ZNbTNnTHoKMDBLdS9Fblh4c2RiU3NEa3Z1NFZFK3JvU0hxdG5aTkJDY3I4UFk5UVprb3hyRzV3NHRPTWNCTlVJV0RycDBuTQpRVWk3YlczbEM5UThyT2FtdkR4L3ZDRWVBNjl3amY4REJPb0l4T2IrTklSb2I4WG9IcFR5QTljOUprdnNqQnFrCjJicHdkdmtzQVB3Z3B5Z2kyVUxnaGVVRTZVS3pzbEFtNnF2aEwzRmQxZnJ5dTl5TzlYb2JnRER2R3F2QWlETzQKZ1FJREFRQUIKLS0tLS1FTkQgUFVCTElDIEtFWS0tLS0tCg==
ig-set-x-mid: aKLsHAALAAGfPj0C9tW5jeZ67TS5
x-ig-reload-proxy-request-info: {"request_index": 28, "view_name": "None.CAAIGAuthenticationThriftServer.async_as_view", "uuid": "67f5137f1a994a4196a643a28d473895", "sanitized_path": "/accounts/caa_ig_authentication_thrift_server/"}
cross-origin-opener-policy: same-origin-allow-popups;report-to="coop"
x-fb-endpoint: 
x-frame-options: SAMEORIGIN
cache-control: private, no-cache, no-store, must-revalidate
pragma: no-cache
expires: Sat, 01 Jan 2000 00:00:00 GMT
strict-transport-security: max-age=31536000
x-content-type-options: nosniff
x-xss-protection: 0
ig-set-ig-u-ds-user-id: 59526406631
ig-set-ig-u-rur: CCO
cross-origin-embedder-policy-report-only: require-corp;report-to="coep"
ig-set-password-encryption-web-key-id: 50
ig-set-password-encryption-web-pub-key: 30f47bcd4d0a44801a87ef2ccf3cf8186ad5dac6230d8930c23777499aece350
ig-set-password-encryption-web-key-version: 10
x-robots-tag: noindex
date: Mon, 18 Aug 2025 09:02:23 GMT
vary: Accept-Language, Cookie
content-language: en
content-security-policy: report-uri https://www.instagram.com/security/csp_report/; default-src 'self' https://www.instagram.com; img-src data: blob: https://*.fbcdn.net https://*.instagram.com https://*.cdninstagram.com https://*.facebook.com https://*.fbsbx.com https://*.threads.net https://*.threads.com https://*.giphy.com; font-src data: https://*.fbcdn.net https://*.instagram.com https://*.cdninstagram.com; media-src 'self' blob: https://www.instagram.com https://*.cdninstagram.com https://*.fbcdn.net; manifest-src 'self' https://www.instagram.com; script-src 'self' https://instagram.com https://www.instagram.com https://*.www.instagram.com https://*.cdninstagram.com wss://www.instagram.com https://*.facebook.com https://*.fbcdn.net https://*.facebook.net 'unsafe-inline' 'unsafe-eval' blob:; style-src 'self' https://*.www.instagram.com https://www.instagram.com 'unsafe-inline'; connect-src 'self' https://instagram.com https://www.instagram.com https://*.www.instagram.com https://graph.instagram.com https://*.graph.instagram.com https://i.instagram.com/graphql_www https://graphql.instagram.com https://*.cdninstagram.com https://api.instagram.com https://i.instagram.com https://*.i.instagram.com https://*.od.instagram.com https://i.threads.net https://i.threads.com https://*.od.threads.net https://*.od.threads.com wss://www.instagram.com wss://edge-chat.instagram.com https://*.facebook.com https://*.fbcdn.net https://*.facebook.net chrome-extension://boadgeojelhgndaghljhdicfkmllpafd blob:; worker-src 'self' blob: https://www.instagram.com; frame-src 'self' https://instagram.com https://www.instagram.com https://*.instagram.com https://staticxx.facebook.com https://www.facebook.com https://web.facebook.com https://connect.facebook.net https://m.facebook.com https://*.fbsbx.com; object-src 'none'; upgrade-insecure-requests
report-to: {"group": "coep", "max_age": 86400, "endpoints": [{"url": "/security/coep_report/"}]},{"group": "coop", "max_age": 86400, "endpoints": [{"url": "/security/coop_report/"}]}
cross-origin-resource-policy: cross-origin
x-ig-push-state: c2
x-ig-cache-control: cache
x-aed: 522
x-ig-request-elapsed-time-ms: 2766
x-ig-peak-v2: 0
x-ig-peak-time: 1
x-ig-capacity-level: 2
x-stack: distillery
x-perf-stats: 76100812;48388;2761469
set-cookie: sessionid=59526406631%3A6WFHgHCaZdFiLJ%3A25%3AAYfrWjFoDgn_V7uS6iZcvWZM8NlG4TuSLbRITKV55A; Domain=.instagram.com; expires=Tue, 18-Aug-2026 09:02:23 GMT; HttpOnly; Max-Age=31536000; Path=/; Secure
set-cookie: ds_user_id=59526406631; Domain=.instagram.com; expires=Sun, 16-Nov-2025 09:02:23 GMT; Max-Age=7776000; Path=/; SameSite=None; Secure
set-cookie: csrftoken=XBEZp7nGhcRfg2iNw9VxRX; Domain=.instagram.com; expires=Tue, 22-Sep-2026 09:02:23 GMT; Max-Age=34560000; Path=/; Secure
set-cookie: ig_did=AABDF0F6-E8C6-4B2E-9008-6D8B0F89CAAC; Domain=.instagram.com; expires=Tue, 18-Aug-2026 09:02:24 GMT; HttpOnly; Max-Age=31536000; Path=/; Secure
content-length: 130
x-ig-origin-region: cco
alt-svc: h3=":443"; ma=86400
x-fb-connection-quality: EXCELLENT; q=0.9, rtt=10, rtx=1, c=18, mss=1392, tbw=3820, tp=-1, tpl=-1, uplat=2994, ullat=0


[2025-08-18 11:02:25] Login response body (first 500 chars):
{"user":true,"userId":"59526406631","authenticated":true,"oneTapPrompt":true,"has_onboarded_to_text_post_app":false,"status":"ok"}
[2025-08-18 11:02:25] Session ID: 59526406631%3A6WFHgHCaZdFiLJ%3A25%3AAYfrWjFoDgn_V7uS6iZcvWZM8NlG4TuSLbRITKV55A
